Performing C SOURCE FILE Test CMAKE_HAVE_LIBC_PTHREAD failed with the following output:
Change Dir: /tmp/tmp.2h1MIVal24/cmake-build-debug-/CMakeFiles/CMakeTmp

Run Build Command(s):/usr/bin/make cmTC_f4e79/fast && /usr/bin/make -f CMakeFiles/cmTC_f4e79.dir/build.make CMakeFiles/cmTC_f4e79.dir/build
make[1]: Entering directory '/tmp/tmp.2h1MIVal24/cmake-build-debug-/CMakeFiles/CMakeTmp'
Building C object CMakeFiles/cmTC_f4e79.dir/src.c.o
/usr/bin/cc   -DCMAKE_HAVE_LIBC_PTHREAD   -o CMakeFiles/cmTC_f4e79.dir/src.c.o   -c /tmp/tmp.2h1MIVal24/cmake-build-debug-/CMakeFiles/CMakeTmp/src.c
Linking C executable cmTC_f4e79
/usr/local/bin/cmake -E cmake_link_script CMakeFiles/cmTC_f4e79.dir/link.txt --verbose=1
/usr/bin/cc  -DCMAKE_HAVE_LIBC_PTHREAD    CMakeFiles/cmTC_f4e79.dir/src.c.o  -o cmTC_f4e79 
CMakeFiles/cmTC_f4e79.dir/src.c.o: In function `main':
src.c:(.text+0x3e): undefined reference to `pthread_create'
src.c:(.text+0x4a): undefined reference to `pthread_detach'
src.c:(.text+0x56): undefined reference to `pthread_cancel'
src.c:(.text+0x67): undefined reference to `pthread_join'
src.c:(.text+0x7b): undefined reference to `pthread_atfork'
collect2: error: ld returned 1 exit status
CMakeFiles/cmTC_f4e79.dir/build.make:103: recipe for target 'cmTC_f4e79' failed
make[1]: *** [cmTC_f4e79] Error 1
make[1]: Leaving directory '/tmp/tmp.2h1MIVal24/cmake-build-debug-/CMakeFiles/CMakeTmp'
Makefile:138: recipe for target 'cmTC_f4e79/fast' failed
make: *** [cmTC_f4e79/fast] Error 2


Source file was:
#include <pthread.h>

void* test_func(void* data)
{
  return data;
}

int main(void)
{
  pthread_t thread;
  pthread_create(&thread, NULL, test_func, NULL);
  pthread_detach(thread);
  pthread_cancel(thread);
  pthread_join(thread, NULL);
  pthread_atfork(NULL, NULL, NULL);
  pthread_exit(NULL);

  return 0;
}

Determining if the function pthread_create exists in the pthreads failed with the following output:
Change Dir: /tmp/tmp.2h1MIVal24/cmake-build-debug-/CMakeFiles/CMakeTmp

Run Build Command(s):/usr/bin/make cmTC_f6c35/fast && /usr/bin/make -f CMakeFiles/cmTC_f6c35.dir/build.make CMakeFiles/cmTC_f6c35.dir/build
make[1]: Entering directory '/tmp/tmp.2h1MIVal24/cmake-build-debug-/CMakeFiles/CMakeTmp'
Building C object CMakeFiles/cmTC_f6c35.dir/CheckFunctionExists.c.o
/usr/bin/cc   -DCHECK_FUNCTION_EXISTS=pthread_create   -o CMakeFiles/cmTC_f6c35.dir/CheckFunctionExists.c.o   -c /usr/local/share/cmake-3.17/Modules/CheckFunctionExists.c
Linking C executable cmTC_f6c35
/usr/local/bin/cmake -E cmake_link_script CMakeFiles/cmTC_f6c35.dir/link.txt --verbose=1
/usr/bin/cc  -DCHECK_FUNCTION_EXISTS=pthread_create    CMakeFiles/cmTC_f6c35.dir/CheckFunctionExists.c.o  -o cmTC_f6c35  -lpthreads 
/usr/bin/ld: cannot find -lpthreads
collect2: error: ld returned 1 exit status
CMakeFiles/cmTC_f6c35.dir/build.make:103: recipe for target 'cmTC_f6c35' failed
make[1]: *** [cmTC_f6c35] Error 1
make[1]: Leaving directory '/tmp/tmp.2h1MIVal24/cmake-build-debug-/CMakeFiles/CMakeTmp'
Makefile:138: recipe for target 'cmTC_f6c35/fast' failed
make: *** [cmTC_f6c35/fast] Error 2



